02-Mar-2022 12:13:27.481 信息 [main] org.apache.catalina.startup.VersionLoggerListener.log Server.服务器版本: Apache Tomcat/9.0.59
02-Mar-2022 12:13:27.489 信息 [main] org.apache.catalina.startup.VersionLoggerListener.log 服务器构建:        Feb 21 2022 21:01:10 UTC
02-Mar-2022 12:13:27.489 信息 [main] org.apache.catalina.startup.VersionLoggerListener.log 服务器版本号:      9.0.59.0
02-Mar-2022 12:13:27.491 信息 [main] org.apache.catalina.startup.VersionLoggerListener.log 操作系统名称:      Windows 10
02-Mar-2022 12:13:27.492 信息 [main] org.apache.catalina.startup.VersionLoggerListener.log OS.版本:           10.0
02-Mar-2022 12:13:27.492 信息 [main] org.apache.catalina.startup.VersionLoggerListener.log 架构:              amd64
02-Mar-2022 12:13:27.492 信息 [main] org.apache.catalina.startup.VersionLoggerListener.log Java 环境变量:     C:\Program Files\Java\jdk1.8.0_211\jre
02-Mar-2022 12:13:27.495 信息 [main] org.apache.catalina.startup.VersionLoggerListener.log Java虚拟机版本:    1.8.0_211-b12
02-Mar-2022 12:13:27.495 信息 [main] org.apache.catalina.startup.VersionLoggerListener.log JVM.供应商:        Oracle Corporation
02-Mar-2022 12:13:27.495 信息 [main] org.apache.catalina.startup.VersionLoggerListener.log CATALINA_BASE:     D:\JAVA\Environment\Tomcat\apache-tomcat-9.0.59
02-Mar-2022 12:13:27.495 信息 [main] org.apache.catalina.startup.VersionLoggerListener.log CATALINA_HOME:     D:\JAVA\Environment\Tomcat\apache-tomcat-9.0.59
02-Mar-2022 12:13:27.496 信息 [main] org.apache.catalina.startup.VersionLoggerListener.log 命令行参数：       -Djava.util.logging.config.file=D:\JAVA\Environment\Tomcat\apache-tomcat-9.0.59\conf\logging.properties
02-Mar-2022 12:13:27.496 信息 [main] org.apache.catalina.startup.VersionLoggerListener.log 命令行参数：       -Djava.util.logging.manager=org.apache.juli.ClassLoaderLogManager
02-Mar-2022 12:13:27.497 信息 [main] org.apache.catalina.startup.VersionLoggerListener.log 命令行参数：       -Djdk.tls.ephemeralDHKeySize=2048
02-Mar-2022 12:13:27.497 信息 [main] org.apache.catalina.startup.VersionLoggerListener.log 命令行参数：       -Djava.protocol.handler.pkgs=org.apache.catalina.webresources
02-Mar-2022 12:13:27.500 信息 [main] org.apache.catalina.startup.VersionLoggerListener.log 命令行参数：       -Dignore.endorsed.dirs=
02-Mar-2022 12:13:27.505 信息 [main] org.apache.catalina.startup.VersionLoggerListener.log 命令行参数：       -Dcatalina.base=D:\JAVA\Environment\Tomcat\apache-tomcat-9.0.59
02-Mar-2022 12:13:27.507 信息 [main] org.apache.catalina.startup.VersionLoggerListener.log 命令行参数：       -Dcatalina.home=D:\JAVA\Environment\Tomcat\apache-tomcat-9.0.59
02-Mar-2022 12:13:27.507 信息 [main] org.apache.catalina.startup.VersionLoggerListener.log 命令行参数：       -Djava.io.tmpdir=D:\JAVA\Environment\Tomcat\apache-tomcat-9.0.59\temp
02-Mar-2022 12:13:27.561 信息 [main] org.apache.catalina.core.AprLifecycleListener.lifecycleEvent 使用APR版本[1.7.0]加载了基于APR的Apache Tomcat本机库[1.2.31]。
02-Mar-2022 12:13:27.564 信息 [main] org.apache.catalina.core.AprLifecycleListener.lifecycleEvent APR功能：IPv6[true]、sendfile[true]、accept filters[false]、random[true]、UDS [true]。
02-Mar-2022 12:13:27.566 信息 [main] org.apache.catalina.core.AprLifecycleListener.lifecycleEvent APR/OpenSSL配置：useAprConnector[false]，useOpenSSL[true]
02-Mar-2022 12:13:27.586 信息 [main] org.apache.catalina.core.AprLifecycleListener.initializeSSL OpenSSL成功初始化 [OpenSSL 1.1.1l  24 Aug 2021]
02-Mar-2022 12:13:28.048 信息 [main] org.apache.coyote.AbstractProtocol.init 初始化协议处理器 ["http-nio-8080"]
02-Mar-2022 12:13:28.094 信息 [main] org.apache.catalina.startup.Catalina.load 服务器在[833]毫秒内初始化
02-Mar-2022 12:13:28.142 信息 [main] org.apache.catalina.core.StandardService.startInternal 正在启动服务[Catalina]
02-Mar-2022 12:13:28.142 信息 [main] org.apache.catalina.core.StandardEngine.startInternal 正在启动 Servlet 引擎：[Apache Tomcat/9.0.59]
02-Mar-2022 12:13:28.154 信息 [main] org.apache.catalina.startup.HostConfig.deployDirectory 把web 应用程序部署到目录 [D:\JAVA\Environment\Tomcat\apache-tomcat-9.0.59\webapps\docs]
02-Mar-2022 12:13:28.866 警告 [main] org.apache.catalina.util.SessionIdGeneratorBase.createSecureRandom 使用[SHA1PRNG]创建会话ID生成的SecureRandom实例花费了[478]毫秒。
02-Mar-2022 12:13:28.931 信息 [main] org.apache.catalina.startup.HostConfig.deployDirectory Web应用程序目录[D:\JAVA\Environment\Tomcat\apache-tomcat-9.0.59\webapps\docs]的部署已在[777]毫秒内完成
02-Mar-2022 12:13:28.936 信息 [main] org.apache.catalina.startup.HostConfig.deployDirectory 把web 应用程序部署到目录 [D:\JAVA\Environment\Tomcat\apache-tomcat-9.0.59\webapps\examples]
02-Mar-2022 12:13:29.362 信息 [main] org.apache.catalina.startup.HostConfig.deployDirectory Web应用程序目录[D:\JAVA\Environment\Tomcat\apache-tomcat-9.0.59\webapps\examples]的部署已在[425]毫秒内完成
02-Mar-2022 12:13:29.365 信息 [main] org.apache.catalina.startup.HostConfig.deployDirectory 把web 应用程序部署到目录 [D:\JAVA\Environment\Tomcat\apache-tomcat-9.0.59\webapps\host-manager]
02-Mar-2022 12:13:29.409 信息 [main] org.apache.catalina.startup.HostConfig.deployDirectory Web应用程序目录[D:\JAVA\Environment\Tomcat\apache-tomcat-9.0.59\webapps\host-manager]的部署已在[44]毫秒内完成
02-Mar-2022 12:13:29.412 信息 [main] org.apache.catalina.startup.HostConfig.deployDirectory 把web 应用程序部署到目录 [D:\JAVA\Environment\Tomcat\apache-tomcat-9.0.59\webapps\manager]
02-Mar-2022 12:13:29.445 信息 [main] org.apache.catalina.startup.HostConfig.deployDirectory Web应用程序目录[D:\JAVA\Environment\Tomcat\apache-tomcat-9.0.59\webapps\manager]的部署已在[33]毫秒内完成
02-Mar-2022 12:13:29.446 信息 [main] org.apache.catalina.startup.HostConfig.deployDirectory 把web 应用程序部署到目录 [D:\JAVA\Environment\Tomcat\apache-tomcat-9.0.59\webapps\ROOT]
02-Mar-2022 12:13:29.476 信息 [main] org.apache.catalina.startup.HostConfig.deployDirectory Web应用程序目录[D:\JAVA\Environment\Tomcat\apache-tomcat-9.0.59\webapps\ROOT]的部署已在[30]毫秒内完成
02-Mar-2022 12:13:29.485 信息 [main] org.apache.coyote.AbstractProtocol.start 开始协议处理句柄["http-nio-8080"]
02-Mar-2022 12:13:29.513 信息 [main] org.apache.catalina.startup.Catalina.start [1418]毫秒后服务器启动
02-Mar-2022 12:14:20.168 信息 [main] org.apache.catalina.core.StandardServer.await 通过关闭端口接收到有效的关闭命令。正在停止服务器实例。
02-Mar-2022 12:14:20.175 信息 [main] org.apache.coyote.AbstractProtocol.pause 暂停ProtocolHandler["http-nio-8080"]
02-Mar-2022 12:14:20.672 信息 [main] org.apache.catalina.core.StandardService.stopInternal 正在停止服务[Catalina]
02-Mar-2022 12:14:20.699 信息 [main] org.apache.coyote.AbstractProtocol.stop 正在停止ProtocolHandler ["http-nio-8080"]
02-Mar-2022 12:14:20.708 信息 [main] org.apache.coyote.AbstractProtocol.destroy 正在摧毁协议处理器 ["http-nio-8080"]
02-Mar-2022 12:24:47.217 信息 [main] org.apache.catalina.startup.VersionLoggerListener.log Server.服务器版本: Apache Tomcat/9.0.59
02-Mar-2022 12:24:47.222 信息 [main] org.apache.catalina.startup.VersionLoggerListener.log 服务器构建:        Feb 21 2022 21:01:10 UTC
02-Mar-2022 12:24:47.222 信息 [main] org.apache.catalina.startup.VersionLoggerListener.log 服务器版本号:      9.0.59.0
02-Mar-2022 12:24:47.222 信息 [main] org.apache.catalina.startup.VersionLoggerListener.log 操作系统名称:      Windows 10
02-Mar-2022 12:24:47.223 信息 [main] org.apache.catalina.startup.VersionLoggerListener.log OS.版本:           10.0
02-Mar-2022 12:24:47.223 信息 [main] org.apache.catalina.startup.VersionLoggerListener.log 架构:              amd64
02-Mar-2022 12:24:47.223 信息 [main] org.apache.catalina.startup.VersionLoggerListener.log Java 环境变量:     C:\Program Files\Java\jdk1.8.0_211\jre
02-Mar-2022 12:24:47.223 信息 [main] org.apache.catalina.startup.VersionLoggerListener.log Java虚拟机版本:    1.8.0_211-b12
02-Mar-2022 12:24:47.223 信息 [main] org.apache.catalina.startup.VersionLoggerListener.log JVM.供应商:        Oracle Corporation
02-Mar-2022 12:24:47.224 信息 [main] org.apache.catalina.startup.VersionLoggerListener.log CATALINA_BASE:     D:\JAVA\Environment\Tomcat\apache-tomcat-9.0.59
02-Mar-2022 12:24:47.224 信息 [main] org.apache.catalina.startup.VersionLoggerListener.log CATALINA_HOME:     D:\JAVA\Environment\Tomcat\apache-tomcat-9.0.59
02-Mar-2022 12:24:47.229 信息 [main] org.apache.catalina.startup.VersionLoggerListener.log 命令行参数：       -Djava.util.logging.config.file=D:\JAVA\Environment\Tomcat\apache-tomcat-9.0.59\conf\logging.properties
02-Mar-2022 12:24:47.229 信息 [main] org.apache.catalina.startup.VersionLoggerListener.log 命令行参数：       -Djava.util.logging.manager=org.apache.juli.ClassLoaderLogManager
02-Mar-2022 12:24:47.229 信息 [main] org.apache.catalina.startup.VersionLoggerListener.log 命令行参数：       -Djdk.tls.ephemeralDHKeySize=2048
02-Mar-2022 12:24:47.229 信息 [main] org.apache.catalina.startup.VersionLoggerListener.log 命令行参数：       -Djava.protocol.handler.pkgs=org.apache.catalina.webresources
02-Mar-2022 12:24:47.230 信息 [main] org.apache.catalina.startup.VersionLoggerListener.log 命令行参数：       -Dignore.endorsed.dirs=
02-Mar-2022 12:24:47.231 信息 [main] org.apache.catalina.startup.VersionLoggerListener.log 命令行参数：       -Dcatalina.base=D:\JAVA\Environment\Tomcat\apache-tomcat-9.0.59
02-Mar-2022 12:24:47.231 信息 [main] org.apache.catalina.startup.VersionLoggerListener.log 命令行参数：       -Dcatalina.home=D:\JAVA\Environment\Tomcat\apache-tomcat-9.0.59
02-Mar-2022 12:24:47.231 信息 [main] org.apache.catalina.startup.VersionLoggerListener.log 命令行参数：       -Djava.io.tmpdir=D:\JAVA\Environment\Tomcat\apache-tomcat-9.0.59\temp
02-Mar-2022 12:24:47.243 信息 [main] org.apache.catalina.core.AprLifecycleListener.lifecycleEvent 使用APR版本[1.7.0]加载了基于APR的Apache Tomcat本机库[1.2.31]。
02-Mar-2022 12:24:47.248 信息 [main] org.apache.catalina.core.AprLifecycleListener.lifecycleEvent APR功能：IPv6[true]、sendfile[true]、accept filters[false]、random[true]、UDS [true]。
02-Mar-2022 12:24:47.249 信息 [main] org.apache.catalina.core.AprLifecycleListener.lifecycleEvent APR/OpenSSL配置：useAprConnector[false]，useOpenSSL[true]
02-Mar-2022 12:24:47.264 信息 [main] org.apache.catalina.core.AprLifecycleListener.initializeSSL OpenSSL成功初始化 [OpenSSL 1.1.1l  24 Aug 2021]
02-Mar-2022 12:24:47.747 信息 [main] org.apache.coyote.AbstractProtocol.init 初始化协议处理器 ["http-nio-8080"]
02-Mar-2022 12:24:47.792 信息 [main] org.apache.catalina.startup.Catalina.load 服务器在[819]毫秒内初始化
02-Mar-2022 12:24:47.835 信息 [main] org.apache.catalina.core.StandardService.startInternal 正在启动服务[Catalina]
02-Mar-2022 12:24:47.836 信息 [main] org.apache.catalina.core.StandardEngine.startInternal 正在启动 Servlet 引擎：[Apache Tomcat/9.0.59]
02-Mar-2022 12:24:47.849 信息 [main] org.apache.catalina.startup.HostConfig.deployDirectory 把web 应用程序部署到目录 [D:\JAVA\Environment\Tomcat\apache-tomcat-9.0.59\webapps\docs]
02-Mar-2022 12:24:48.669 警告 [main] org.apache.catalina.util.SessionIdGeneratorBase.createSecureRandom 使用[SHA1PRNG]创建会话ID生成的SecureRandom实例花费了[581]毫秒。
02-Mar-2022 12:24:48.712 信息 [main] org.apache.catalina.startup.HostConfig.deployDirectory Web应用程序目录[D:\JAVA\Environment\Tomcat\apache-tomcat-9.0.59\webapps\docs]的部署已在[862]毫秒内完成
02-Mar-2022 12:24:48.716 信息 [main] org.apache.catalina.startup.HostConfig.deployDirectory 把web 应用程序部署到目录 [D:\JAVA\Environment\Tomcat\apache-tomcat-9.0.59\webapps\examples]
02-Mar-2022 12:24:49.355 信息 [main] org.apache.catalina.startup.HostConfig.deployDirectory Web应用程序目录[D:\JAVA\Environment\Tomcat\apache-tomcat-9.0.59\webapps\examples]的部署已在[639]毫秒内完成
02-Mar-2022 12:24:49.361 信息 [main] org.apache.catalina.startup.HostConfig.deployDirectory 把web 应用程序部署到目录 [D:\JAVA\Environment\Tomcat\apache-tomcat-9.0.59\webapps\host-manager]
02-Mar-2022 12:24:49.432 信息 [main] org.apache.catalina.startup.HostConfig.deployDirectory Web应用程序目录[D:\JAVA\Environment\Tomcat\apache-tomcat-9.0.59\webapps\host-manager]的部署已在[71]毫秒内完成
02-Mar-2022 12:24:49.435 信息 [main] org.apache.catalina.startup.HostConfig.deployDirectory 把web 应用程序部署到目录 [D:\JAVA\Environment\Tomcat\apache-tomcat-9.0.59\webapps\manager]
02-Mar-2022 12:24:49.477 信息 [main] org.apache.catalina.startup.HostConfig.deployDirectory Web应用程序目录[D:\JAVA\Environment\Tomcat\apache-tomcat-9.0.59\webapps\manager]的部署已在[42]毫秒内完成
02-Mar-2022 12:24:49.481 信息 [main] org.apache.catalina.startup.HostConfig.deployDirectory 把web 应用程序部署到目录 [D:\JAVA\Environment\Tomcat\apache-tomcat-9.0.59\webapps\ROOT]
02-Mar-2022 12:24:49.515 信息 [main] org.apache.catalina.startup.HostConfig.deployDirectory Web应用程序目录[D:\JAVA\Environment\Tomcat\apache-tomcat-9.0.59\webapps\ROOT]的部署已在[34]毫秒内完成
02-Mar-2022 12:24:49.523 信息 [main] org.apache.coyote.AbstractProtocol.start 开始协议处理句柄["http-nio-8080"]
02-Mar-2022 12:24:49.551 信息 [main] org.apache.catalina.startup.Catalina.start [1758]毫秒后服务器启动
02-Mar-2022 12:26:17.413 信息 [main] org.apache.catalina.core.StandardServer.await 通过关闭端口接收到有效的关闭命令。正在停止服务器实例。
02-Mar-2022 12:26:17.413 信息 [main] org.apache.coyote.AbstractProtocol.pause 暂停ProtocolHandler["http-nio-8080"]
02-Mar-2022 12:26:17.919 信息 [main] org.apache.catalina.core.StandardService.stopInternal 正在停止服务[Catalina]
02-Mar-2022 12:26:17.943 信息 [main] org.apache.coyote.AbstractProtocol.stop 正在停止ProtocolHandler ["http-nio-8080"]
02-Mar-2022 12:26:17.951 信息 [main] org.apache.coyote.AbstractProtocol.destroy 正在摧毁协议处理器 ["http-nio-8080"]
02-Mar-2022 12:26:20.057 信息 [main] org.apache.catalina.startup.VersionLoggerListener.log Server.服务器版本: Apache Tomcat/9.0.59
02-Mar-2022 12:26:20.062 信息 [main] org.apache.catalina.startup.VersionLoggerListener.log 服务器构建:        Feb 21 2022 21:01:10 UTC
02-Mar-2022 12:26:20.062 信息 [main] org.apache.catalina.startup.VersionLoggerListener.log 服务器版本号:      9.0.59.0
02-Mar-2022 12:26:20.063 信息 [main] org.apache.catalina.startup.VersionLoggerListener.log 操作系统名称:      Windows 10
02-Mar-2022 12:26:20.063 信息 [main] org.apache.catalina.startup.VersionLoggerListener.log OS.版本:           10.0
02-Mar-2022 12:26:20.063 信息 [main] org.apache.catalina.startup.VersionLoggerListener.log 架构:              amd64
02-Mar-2022 12:26:20.063 信息 [main] org.apache.catalina.startup.VersionLoggerListener.log Java 环境变量:     C:\Program Files\Java\jdk1.8.0_211\jre
02-Mar-2022 12:26:20.064 信息 [main] org.apache.catalina.startup.VersionLoggerListener.log Java虚拟机版本:    1.8.0_211-b12
02-Mar-2022 12:26:20.064 信息 [main] org.apache.catalina.startup.VersionLoggerListener.log JVM.供应商:        Oracle Corporation
02-Mar-2022 12:26:20.064 信息 [main] org.apache.catalina.startup.VersionLoggerListener.log CATALINA_BASE:     D:\JAVA\Environment\Tomcat\apache-tomcat-9.0.59
02-Mar-2022 12:26:20.064 信息 [main] org.apache.catalina.startup.VersionLoggerListener.log CATALINA_HOME:     D:\JAVA\Environment\Tomcat\apache-tomcat-9.0.59
02-Mar-2022 12:26:20.068 信息 [main] org.apache.catalina.startup.VersionLoggerListener.log 命令行参数：       -Djava.util.logging.config.file=D:\JAVA\Environment\Tomcat\apache-tomcat-9.0.59\conf\logging.properties
02-Mar-2022 12:26:20.069 信息 [main] org.apache.catalina.startup.VersionLoggerListener.log 命令行参数：       -Djava.util.logging.manager=org.apache.juli.ClassLoaderLogManager
02-Mar-2022 12:26:20.069 信息 [main] org.apache.catalina.startup.VersionLoggerListener.log 命令行参数：       -Djdk.tls.ephemeralDHKeySize=2048
02-Mar-2022 12:26:20.069 信息 [main] org.apache.catalina.startup.VersionLoggerListener.log 命令行参数：       -Djava.protocol.handler.pkgs=org.apache.catalina.webresources
02-Mar-2022 12:26:20.070 信息 [main] org.apache.catalina.startup.VersionLoggerListener.log 命令行参数：       -Dignore.endorsed.dirs=
02-Mar-2022 12:26:20.070 信息 [main] org.apache.catalina.startup.VersionLoggerListener.log 命令行参数：       -Dcatalina.base=D:\JAVA\Environment\Tomcat\apache-tomcat-9.0.59
02-Mar-2022 12:26:20.073 信息 [main] org.apache.catalina.startup.VersionLoggerListener.log 命令行参数：       -Dcatalina.home=D:\JAVA\Environment\Tomcat\apache-tomcat-9.0.59
02-Mar-2022 12:26:20.073 信息 [main] org.apache.catalina.startup.VersionLoggerListener.log 命令行参数：       -Djava.io.tmpdir=D:\JAVA\Environment\Tomcat\apache-tomcat-9.0.59\temp
02-Mar-2022 12:26:20.076 信息 [main] org.apache.catalina.core.AprLifecycleListener.lifecycleEvent 使用APR版本[1.7.0]加载了基于APR的Apache Tomcat本机库[1.2.31]。
02-Mar-2022 12:26:20.079 信息 [main] org.apache.catalina.core.AprLifecycleListener.lifecycleEvent APR功能：IPv6[true]、sendfile[true]、accept filters[false]、random[true]、UDS [true]。
02-Mar-2022 12:26:20.080 信息 [main] org.apache.catalina.core.AprLifecycleListener.lifecycleEvent APR/OpenSSL配置：useAprConnector[false]，useOpenSSL[true]
02-Mar-2022 12:26:20.085 信息 [main] org.apache.catalina.core.AprLifecycleListener.initializeSSL OpenSSL成功初始化 [OpenSSL 1.1.1l  24 Aug 2021]
02-Mar-2022 12:26:20.487 信息 [main] org.apache.coyote.AbstractProtocol.init 初始化协议处理器 ["http-nio-8081"]
02-Mar-2022 12:26:20.513 信息 [main] org.apache.catalina.startup.Catalina.load 服务器在[651]毫秒内初始化
02-Mar-2022 12:26:20.550 信息 [main] org.apache.catalina.core.StandardService.startInternal 正在启动服务[Catalina]
02-Mar-2022 12:26:20.550 信息 [main] org.apache.catalina.core.StandardEngine.startInternal 正在启动 Servlet 引擎：[Apache Tomcat/9.0.59]
02-Mar-2022 12:26:20.560 信息 [main] org.apache.catalina.startup.HostConfig.deployDirectory 把web 应用程序部署到目录 [D:\JAVA\Environment\Tomcat\apache-tomcat-9.0.59\webapps\docs]
02-Mar-2022 12:26:21.390 警告 [main] org.apache.catalina.util.SessionIdGeneratorBase.createSecureRandom 使用[SHA1PRNG]创建会话ID生成的SecureRandom实例花费了[497]毫秒。
02-Mar-2022 12:26:21.414 信息 [main] org.apache.catalina.startup.HostConfig.deployDirectory Web应用程序目录[D:\JAVA\Environment\Tomcat\apache-tomcat-9.0.59\webapps\docs]的部署已在[854]毫秒内完成
02-Mar-2022 12:26:21.417 信息 [main] org.apache.catalina.startup.HostConfig.deployDirectory 把web 应用程序部署到目录 [D:\JAVA\Environment\Tomcat\apache-tomcat-9.0.59\webapps\examples]
02-Mar-2022 12:26:21.820 信息 [main] org.apache.catalina.startup.HostConfig.deployDirectory Web应用程序目录[D:\JAVA\Environment\Tomcat\apache-tomcat-9.0.59\webapps\examples]的部署已在[402]毫秒内完成
02-Mar-2022 12:26:21.823 信息 [main] org.apache.catalina.startup.HostConfig.deployDirectory 把web 应用程序部署到目录 [D:\JAVA\Environment\Tomcat\apache-tomcat-9.0.59\webapps\host-manager]
02-Mar-2022 12:26:21.879 信息 [main] org.apache.catalina.startup.HostConfig.deployDirectory Web应用程序目录[D:\JAVA\Environment\Tomcat\apache-tomcat-9.0.59\webapps\host-manager]的部署已在[56]毫秒内完成
02-Mar-2022 12:26:21.883 信息 [main] org.apache.catalina.startup.HostConfig.deployDirectory 把web 应用程序部署到目录 [D:\JAVA\Environment\Tomcat\apache-tomcat-9.0.59\webapps\manager]
02-Mar-2022 12:26:21.921 信息 [main] org.apache.catalina.startup.HostConfig.deployDirectory Web应用程序目录[D:\JAVA\Environment\Tomcat\apache-tomcat-9.0.59\webapps\manager]的部署已在[38]毫秒内完成
02-Mar-2022 12:26:21.925 信息 [main] org.apache.catalina.startup.HostConfig.deployDirectory 把web 应用程序部署到目录 [D:\JAVA\Environment\Tomcat\apache-tomcat-9.0.59\webapps\ROOT]
02-Mar-2022 12:26:21.971 信息 [main] org.apache.catalina.startup.HostConfig.deployDirectory Web应用程序目录[D:\JAVA\Environment\Tomcat\apache-tomcat-9.0.59\webapps\ROOT]的部署已在[47]毫秒内完成
02-Mar-2022 12:26:21.978 信息 [main] org.apache.coyote.AbstractProtocol.start 开始协议处理句柄["http-nio-8081"]
02-Mar-2022 12:26:22.007 信息 [main] org.apache.catalina.startup.Catalina.start [1492]毫秒后服务器启动
02-Mar-2022 12:32:11.431 信息 [main] org.apache.catalina.core.StandardServer.await 通过关闭端口接收到有效的关闭命令。正在停止服务器实例。
02-Mar-2022 12:32:11.472 信息 [main] org.apache.coyote.AbstractProtocol.pause 暂停ProtocolHandler["http-nio-8081"]
02-Mar-2022 12:32:12.042 信息 [main] org.apache.catalina.core.StandardService.stopInternal 正在停止服务[Catalina]
02-Mar-2022 12:32:12.285 信息 [main] org.apache.coyote.AbstractProtocol.stop 正在停止ProtocolHandler ["http-nio-8081"]
02-Mar-2022 12:32:12.306 信息 [main] org.apache.coyote.AbstractProtocol.destroy 正在摧毁协议处理器 ["http-nio-8081"]
02-Mar-2022 12:32:13.949 信息 [main] org.apache.catalina.startup.VersionLoggerListener.log Server.服务器版本: Apache Tomcat/9.0.59
02-Mar-2022 12:32:13.956 信息 [main] org.apache.catalina.startup.VersionLoggerListener.log 服务器构建:        Feb 21 2022 21:01:10 UTC
02-Mar-2022 12:32:13.956 信息 [main] org.apache.catalina.startup.VersionLoggerListener.log 服务器版本号:      9.0.59.0
02-Mar-2022 12:32:13.957 信息 [main] org.apache.catalina.startup.VersionLoggerListener.log 操作系统名称:      Windows 10
02-Mar-2022 12:32:13.957 信息 [main] org.apache.catalina.startup.VersionLoggerListener.log OS.版本:           10.0
02-Mar-2022 12:32:13.957 信息 [main] org.apache.catalina.startup.VersionLoggerListener.log 架构:              amd64
02-Mar-2022 12:32:13.957 信息 [main] org.apache.catalina.startup.VersionLoggerListener.log Java 环境变量:     C:\Program Files\Java\jdk1.8.0_211\jre
02-Mar-2022 12:32:13.957 信息 [main] org.apache.catalina.startup.VersionLoggerListener.log Java虚拟机版本:    1.8.0_211-b12
02-Mar-2022 12:32:13.958 信息 [main] org.apache.catalina.startup.VersionLoggerListener.log JVM.供应商:        Oracle Corporation
02-Mar-2022 12:32:13.958 信息 [main] org.apache.catalina.startup.VersionLoggerListener.log CATALINA_BASE:     D:\JAVA\Environment\Tomcat\apache-tomcat-9.0.59
02-Mar-2022 12:32:13.958 信息 [main] org.apache.catalina.startup.VersionLoggerListener.log CATALINA_HOME:     D:\JAVA\Environment\Tomcat\apache-tomcat-9.0.59
02-Mar-2022 12:32:13.963 信息 [main] org.apache.catalina.startup.VersionLoggerListener.log 命令行参数：       -Djava.util.logging.config.file=D:\JAVA\Environment\Tomcat\apache-tomcat-9.0.59\conf\logging.properties
02-Mar-2022 12:32:13.963 信息 [main] org.apache.catalina.startup.VersionLoggerListener.log 命令行参数：       -Djava.util.logging.manager=org.apache.juli.ClassLoaderLogManager
02-Mar-2022 12:32:13.963 信息 [main] org.apache.catalina.startup.VersionLoggerListener.log 命令行参数：       -Djdk.tls.ephemeralDHKeySize=2048
02-Mar-2022 12:32:13.964 信息 [main] org.apache.catalina.startup.VersionLoggerListener.log 命令行参数：       -Djava.protocol.handler.pkgs=org.apache.catalina.webresources
02-Mar-2022 12:32:13.964 信息 [main] org.apache.catalina.startup.VersionLoggerListener.log 命令行参数：       -Dignore.endorsed.dirs=
02-Mar-2022 12:32:13.964 信息 [main] org.apache.catalina.startup.VersionLoggerListener.log 命令行参数：       -Dcatalina.base=D:\JAVA\Environment\Tomcat\apache-tomcat-9.0.59
02-Mar-2022 12:32:13.965 信息 [main] org.apache.catalina.startup.VersionLoggerListener.log 命令行参数：       -Dcatalina.home=D:\JAVA\Environment\Tomcat\apache-tomcat-9.0.59
02-Mar-2022 12:32:13.966 信息 [main] org.apache.catalina.startup.VersionLoggerListener.log 命令行参数：       -Djava.io.tmpdir=D:\JAVA\Environment\Tomcat\apache-tomcat-9.0.59\temp
02-Mar-2022 12:32:13.975 信息 [main] org.apache.catalina.core.AprLifecycleListener.lifecycleEvent 使用APR版本[1.7.0]加载了基于APR的Apache Tomcat本机库[1.2.31]。
02-Mar-2022 12:32:13.976 信息 [main] org.apache.catalina.core.AprLifecycleListener.lifecycleEvent APR功能：IPv6[true]、sendfile[true]、accept filters[false]、random[true]、UDS [true]。
02-Mar-2022 12:32:13.977 信息 [main] org.apache.catalina.core.AprLifecycleListener.lifecycleEvent APR/OpenSSL配置：useAprConnector[false]，useOpenSSL[true]
02-Mar-2022 12:32:13.982 信息 [main] org.apache.catalina.core.AprLifecycleListener.initializeSSL OpenSSL成功初始化 [OpenSSL 1.1.1l  24 Aug 2021]
02-Mar-2022 12:32:14.567 信息 [main] org.apache.coyote.AbstractProtocol.init 初始化协议处理器 ["http-nio-8081"]
02-Mar-2022 12:32:14.604 信息 [main] org.apache.catalina.startup.Catalina.load 服务器在[1012]毫秒内初始化
02-Mar-2022 12:32:14.663 信息 [main] org.apache.catalina.core.StandardService.startInternal 正在启动服务[Catalina]
02-Mar-2022 12:32:14.664 信息 [main] org.apache.catalina.core.StandardEngine.startInternal 正在启动 Servlet 引擎：[Apache Tomcat/9.0.59]
02-Mar-2022 12:32:14.710 信息 [main] org.apache.catalina.startup.HostConfig.deployDirectory 把web 应用程序部署到目录 [D:\JAVA\Environment\Tomcat\apache-tomcat-9.0.59\webapps\docs]
02-Mar-2022 12:32:15.505 警告 [main] org.apache.catalina.util.SessionIdGeneratorBase.createSecureRandom 使用[SHA1PRNG]创建会话ID生成的SecureRandom实例花费了[512]毫秒。
02-Mar-2022 12:32:15.536 信息 [main] org.apache.catalina.startup.HostConfig.deployDirectory Web应用程序目录[D:\JAVA\Environment\Tomcat\apache-tomcat-9.0.59\webapps\docs]的部署已在[826]毫秒内完成
02-Mar-2022 12:32:15.537 信息 [main] org.apache.catalina.startup.HostConfig.deployDirectory 把web 应用程序部署到目录 [D:\JAVA\Environment\Tomcat\apache-tomcat-9.0.59\webapps\examples]
02-Mar-2022 12:32:16.064 信息 [main] org.apache.catalina.core.ApplicationContext.log ContextListener: contextInitialized()
02-Mar-2022 12:32:16.065 信息 [main] org.apache.catalina.core.ApplicationContext.log SessionListener: contextInitialized()
02-Mar-2022 12:32:16.069 信息 [main] org.apache.catalina.core.ApplicationContext.log ContextListener: attributeAdded('StockTicker', 'async.Stockticker@6a03bcb1')
02-Mar-2022 12:32:16.086 信息 [main] org.apache.catalina.startup.HostConfig.deployDirectory Web应用程序目录[D:\JAVA\Environment\Tomcat\apache-tomcat-9.0.59\webapps\examples]的部署已在[549]毫秒内完成
02-Mar-2022 12:32:16.089 信息 [main] org.apache.catalina.startup.HostConfig.deployDirectory 把web 应用程序部署到目录 [D:\JAVA\Environment\Tomcat\apache-tomcat-9.0.59\webapps\host-manager]
02-Mar-2022 12:32:16.139 信息 [main] org.apache.catalina.startup.HostConfig.deployDirectory Web应用程序目录[D:\JAVA\Environment\Tomcat\apache-tomcat-9.0.59\webapps\host-manager]的部署已在[50]毫秒内完成
02-Mar-2022 12:32:16.143 信息 [main] org.apache.catalina.startup.HostConfig.deployDirectory 把web 应用程序部署到目录 [D:\JAVA\Environment\Tomcat\apache-tomcat-9.0.59\webapps\manager]
02-Mar-2022 12:32:16.185 信息 [main] org.apache.catalina.startup.HostConfig.deployDirectory Web应用程序目录[D:\JAVA\Environment\Tomcat\apache-tomcat-9.0.59\webapps\manager]的部署已在[42]毫秒内完成
02-Mar-2022 12:32:16.189 信息 [main] org.apache.catalina.startup.HostConfig.deployDirectory 把web 应用程序部署到目录 [D:\JAVA\Environment\Tomcat\apache-tomcat-9.0.59\webapps\ROOT]
02-Mar-2022 12:32:16.226 信息 [main] org.apache.catalina.startup.HostConfig.deployDirectory Web应用程序目录[D:\JAVA\Environment\Tomcat\apache-tomcat-9.0.59\webapps\ROOT]的部署已在[36]毫秒内完成
02-Mar-2022 12:32:16.233 严重 [main] org.apache.catalina.mapper.MapperListener.findDefaultHost 服务StandardService[Catalina]的默认主机localhost未知。Tomcat将无法处理未指定主机名的HTTP/1.0请求。
02-Mar-2022 12:32:16.238 严重 [main] org.apache.catalina.mapper.MapperListener.findDefaultHost 服务StandardService[Catalina]的默认主机localhost未知。Tomcat将无法处理未指定主机名的HTTP/1.0请求。
02-Mar-2022 12:32:16.239 信息 [main] org.apache.coyote.AbstractProtocol.start 开始协议处理句柄["http-nio-8081"]
02-Mar-2022 12:32:16.284 信息 [main] org.apache.catalina.startup.Catalina.start [1679]毫秒后服务器启动
02-Mar-2022 12:36:58.849 信息 [main] org.apache.catalina.core.StandardServer.await 通过关闭端口接收到有效的关闭命令。正在停止服务器实例。
02-Mar-2022 12:36:58.854 信息 [main] org.apache.coyote.AbstractProtocol.pause 暂停ProtocolHandler["http-nio-8081"]
02-Mar-2022 12:36:59.394 信息 [main] org.apache.catalina.core.StandardService.stopInternal 正在停止服务[Catalina]
02-Mar-2022 12:36:59.396 严重 [main] org.apache.catalina.mapper.MapperListener.findDefaultHost 服务StandardService[Catalina]的默认主机localhost未知。Tomcat将无法处理未指定主机名的HTTP/1.0请求。
02-Mar-2022 12:36:59.466 信息 [main] org.apache.catalina.core.ApplicationContext.log SessionListener: contextDestroyed()
02-Mar-2022 12:36:59.466 信息 [main] org.apache.catalina.core.ApplicationContext.log ContextListener: contextDestroyed()
02-Mar-2022 12:36:59.477 信息 [main] org.apache.coyote.AbstractProtocol.stop 正在停止ProtocolHandler ["http-nio-8081"]
02-Mar-2022 12:36:59.483 信息 [main] org.apache.coyote.AbstractProtocol.destroy 正在摧毁协议处理器 ["http-nio-8081"]
02-Mar-2022 12:37:13.687 信息 [main] org.apache.catalina.startup.VersionLoggerListener.log Server.服务器版本: Apache Tomcat/9.0.59
02-Mar-2022 12:37:13.694 信息 [main] org.apache.catalina.startup.VersionLoggerListener.log 服务器构建:        Feb 21 2022 21:01:10 UTC
02-Mar-2022 12:37:13.694 信息 [main] org.apache.catalina.startup.VersionLoggerListener.log 服务器版本号:      9.0.59.0
02-Mar-2022 12:37:13.694 信息 [main] org.apache.catalina.startup.VersionLoggerListener.log 操作系统名称:      Windows 10
02-Mar-2022 12:37:13.694 信息 [main] org.apache.catalina.startup.VersionLoggerListener.log OS.版本:           10.0
02-Mar-2022 12:37:13.694 信息 [main] org.apache.catalina.startup.VersionLoggerListener.log 架构:              amd64
02-Mar-2022 12:37:13.694 信息 [main] org.apache.catalina.startup.VersionLoggerListener.log Java 环境变量:     C:\Program Files\Java\jdk1.8.0_211\jre
02-Mar-2022 12:37:13.695 信息 [main] org.apache.catalina.startup.VersionLoggerListener.log Java虚拟机版本:    1.8.0_211-b12
02-Mar-2022 12:37:13.695 信息 [main] org.apache.catalina.startup.VersionLoggerListener.log JVM.供应商:        Oracle Corporation
02-Mar-2022 12:37:13.695 信息 [main] org.apache.catalina.startup.VersionLoggerListener.log CATALINA_BASE:     D:\JAVA\Environment\Tomcat\apache-tomcat-9.0.59
02-Mar-2022 12:37:13.695 信息 [main] org.apache.catalina.startup.VersionLoggerListener.log CATALINA_HOME:     D:\JAVA\Environment\Tomcat\apache-tomcat-9.0.59
02-Mar-2022 12:37:13.699 信息 [main] org.apache.catalina.startup.VersionLoggerListener.log 命令行参数：       -Djava.util.logging.config.file=D:\JAVA\Environment\Tomcat\apache-tomcat-9.0.59\conf\logging.properties
02-Mar-2022 12:37:13.699 信息 [main] org.apache.catalina.startup.VersionLoggerListener.log 命令行参数：       -Djava.util.logging.manager=org.apache.juli.ClassLoaderLogManager
02-Mar-2022 12:37:13.699 信息 [main] org.apache.catalina.startup.VersionLoggerListener.log 命令行参数：       -Djdk.tls.ephemeralDHKeySize=2048
02-Mar-2022 12:37:13.699 信息 [main] org.apache.catalina.startup.VersionLoggerListener.log 命令行参数：       -Djava.protocol.handler.pkgs=org.apache.catalina.webresources
02-Mar-2022 12:37:13.700 信息 [main] org.apache.catalina.startup.VersionLoggerListener.log 命令行参数：       -Dignore.endorsed.dirs=
02-Mar-2022 12:37:13.701 信息 [main] org.apache.catalina.startup.VersionLoggerListener.log 命令行参数：       -Dcatalina.base=D:\JAVA\Environment\Tomcat\apache-tomcat-9.0.59
02-Mar-2022 12:37:13.701 信息 [main] org.apache.catalina.startup.VersionLoggerListener.log 命令行参数：       -Dcatalina.home=D:\JAVA\Environment\Tomcat\apache-tomcat-9.0.59
02-Mar-2022 12:37:13.702 信息 [main] org.apache.catalina.startup.VersionLoggerListener.log 命令行参数：       -Djava.io.tmpdir=D:\JAVA\Environment\Tomcat\apache-tomcat-9.0.59\temp
02-Mar-2022 12:37:13.707 信息 [main] org.apache.catalina.core.AprLifecycleListener.lifecycleEvent 使用APR版本[1.7.0]加载了基于APR的Apache Tomcat本机库[1.2.31]。
02-Mar-2022 12:37:13.710 信息 [main] org.apache.catalina.core.AprLifecycleListener.lifecycleEvent APR功能：IPv6[true]、sendfile[true]、accept filters[false]、random[true]、UDS [true]。
02-Mar-2022 12:37:13.711 信息 [main] org.apache.catalina.core.AprLifecycleListener.lifecycleEvent APR/OpenSSL配置：useAprConnector[false]，useOpenSSL[true]
02-Mar-2022 12:37:13.715 信息 [main] org.apache.catalina.core.AprLifecycleListener.initializeSSL OpenSSL成功初始化 [OpenSSL 1.1.1l  24 Aug 2021]
02-Mar-2022 12:37:14.148 信息 [main] org.apache.coyote.AbstractProtocol.init 初始化协议处理器 ["http-nio-8081"]
02-Mar-2022 12:37:14.178 信息 [main] org.apache.catalina.startup.Catalina.load 服务器在[700]毫秒内初始化
02-Mar-2022 12:37:14.215 信息 [main] org.apache.catalina.core.StandardService.startInternal 正在启动服务[Catalina]
02-Mar-2022 12:37:14.216 信息 [main] org.apache.catalina.core.StandardEngine.startInternal 正在启动 Servlet 引擎：[Apache Tomcat/9.0.59]
02-Mar-2022 12:37:14.226 信息 [main] org.apache.catalina.startup.HostConfig.deployDirectory 把web 应用程序部署到目录 [D:\JAVA\Environment\Tomcat\apache-tomcat-9.0.59\webapps\docs]
02-Mar-2022 12:37:15.032 警告 [main] org.apache.catalina.util.SessionIdGeneratorBase.createSecureRandom 使用[SHA1PRNG]创建会话ID生成的SecureRandom实例花费了[499]毫秒。
02-Mar-2022 12:37:15.054 信息 [main] org.apache.catalina.startup.HostConfig.deployDirectory Web应用程序目录[D:\JAVA\Environment\Tomcat\apache-tomcat-9.0.59\webapps\docs]的部署已在[828]毫秒内完成
02-Mar-2022 12:37:15.055 信息 [main] org.apache.catalina.startup.HostConfig.deployDirectory 把web 应用程序部署到目录 [D:\JAVA\Environment\Tomcat\apache-tomcat-9.0.59\webapps\examples]
02-Mar-2022 12:37:15.620 信息 [main] org.apache.catalina.core.ApplicationContext.log ContextListener: contextInitialized()
02-Mar-2022 12:37:15.621 信息 [main] org.apache.catalina.core.ApplicationContext.log SessionListener: contextInitialized()
02-Mar-2022 12:37:15.624 信息 [main] org.apache.catalina.core.ApplicationContext.log ContextListener: attributeAdded('StockTicker', 'async.Stockticker@6a03bcb1')
02-Mar-2022 12:37:15.640 信息 [main] org.apache.catalina.startup.HostConfig.deployDirectory Web应用程序目录[D:\JAVA\Environment\Tomcat\apache-tomcat-9.0.59\webapps\examples]的部署已在[585]毫秒内完成
02-Mar-2022 12:37:15.642 信息 [main] org.apache.catalina.startup.HostConfig.deployDirectory 把web 应用程序部署到目录 [D:\JAVA\Environment\Tomcat\apache-tomcat-9.0.59\webapps\host-manager]
02-Mar-2022 12:37:15.686 信息 [main] org.apache.catalina.startup.HostConfig.deployDirectory Web应用程序目录[D:\JAVA\Environment\Tomcat\apache-tomcat-9.0.59\webapps\host-manager]的部署已在[44]毫秒内完成
02-Mar-2022 12:37:15.690 信息 [main] org.apache.catalina.startup.HostConfig.deployDirectory 把web 应用程序部署到目录 [D:\JAVA\Environment\Tomcat\apache-tomcat-9.0.59\webapps\manager]
02-Mar-2022 12:37:15.726 信息 [main] org.apache.catalina.startup.HostConfig.deployDirectory Web应用程序目录[D:\JAVA\Environment\Tomcat\apache-tomcat-9.0.59\webapps\manager]的部署已在[35]毫秒内完成
02-Mar-2022 12:37:15.729 信息 [main] org.apache.catalina.startup.HostConfig.deployDirectory 把web 应用程序部署到目录 [D:\JAVA\Environment\Tomcat\apache-tomcat-9.0.59\webapps\ROOT]
02-Mar-2022 12:37:15.771 信息 [main] org.apache.catalina.startup.HostConfig.deployDirectory Web应用程序目录[D:\JAVA\Environment\Tomcat\apache-tomcat-9.0.59\webapps\ROOT]的部署已在[42]毫秒内完成
02-Mar-2022 12:37:15.777 严重 [main] org.apache.catalina.mapper.MapperListener.findDefaultHost 服务StandardService[Catalina]的默认主机localhost未知。Tomcat将无法处理未指定主机名的HTTP/1.0请求。
02-Mar-2022 12:37:15.781 严重 [main] org.apache.catalina.mapper.MapperListener.findDefaultHost 服务StandardService[Catalina]的默认主机localhost未知。Tomcat将无法处理未指定主机名的HTTP/1.0请求。
02-Mar-2022 12:37:15.782 信息 [main] org.apache.coyote.AbstractProtocol.start 开始协议处理句柄["http-nio-8081"]
02-Mar-2022 12:37:15.813 信息 [main] org.apache.catalina.startup.Catalina.start [1633]毫秒后服务器启动
02-Mar-2022 12:52:23.219 信息 [main] org.apache.catalina.startup.VersionLoggerListener.log Server.服务器版本: Apache Tomcat/9.0.59
02-Mar-2022 12:52:23.229 信息 [main] org.apache.catalina.startup.VersionLoggerListener.log 服务器构建:        Feb 21 2022 21:01:10 UTC
02-Mar-2022 12:52:23.229 信息 [main] org.apache.catalina.startup.VersionLoggerListener.log 服务器版本号:      9.0.59.0
02-Mar-2022 12:52:23.229 信息 [main] org.apache.catalina.startup.VersionLoggerListener.log 操作系统名称:      Windows 10
02-Mar-2022 12:52:23.230 信息 [main] org.apache.catalina.startup.VersionLoggerListener.log OS.版本:           10.0
02-Mar-2022 12:52:23.230 信息 [main] org.apache.catalina.startup.VersionLoggerListener.log 架构:              amd64
02-Mar-2022 12:52:23.230 信息 [main] org.apache.catalina.startup.VersionLoggerListener.log Java 环境变量:     C:\Program Files\Java\jdk1.8.0_211\jre
02-Mar-2022 12:52:23.231 信息 [main] org.apache.catalina.startup.VersionLoggerListener.log Java虚拟机版本:    1.8.0_211-b12
02-Mar-2022 12:52:23.231 信息 [main] org.apache.catalina.startup.VersionLoggerListener.log JVM.供应商:        Oracle Corporation
02-Mar-2022 12:52:23.231 信息 [main] org.apache.catalina.startup.VersionLoggerListener.log CATALINA_BASE:     D:\JAVA\Environment\Tomcat\apache-tomcat-9.0.59
02-Mar-2022 12:52:23.231 信息 [main] org.apache.catalina.startup.VersionLoggerListener.log CATALINA_HOME:     D:\JAVA\Environment\Tomcat\apache-tomcat-9.0.59
02-Mar-2022 12:52:23.234 信息 [main] org.apache.catalina.startup.VersionLoggerListener.log 命令行参数：       -Djava.util.logging.config.file=D:\JAVA\Environment\Tomcat\apache-tomcat-9.0.59\conf\logging.properties
02-Mar-2022 12:52:23.234 信息 [main] org.apache.catalina.startup.VersionLoggerListener.log 命令行参数：       -Djava.util.logging.manager=org.apache.juli.ClassLoaderLogManager
02-Mar-2022 12:52:23.234 信息 [main] org.apache.catalina.startup.VersionLoggerListener.log 命令行参数：       -Djdk.tls.ephemeralDHKeySize=2048
02-Mar-2022 12:52:23.234 信息 [main] org.apache.catalina.startup.VersionLoggerListener.log 命令行参数：       -Djava.protocol.handler.pkgs=org.apache.catalina.webresources
02-Mar-2022 12:52:23.235 信息 [main] org.apache.catalina.startup.VersionLoggerListener.log 命令行参数：       -Dignore.endorsed.dirs=
02-Mar-2022 12:52:23.236 信息 [main] org.apache.catalina.startup.VersionLoggerListener.log 命令行参数：       -Dcatalina.base=D:\JAVA\Environment\Tomcat\apache-tomcat-9.0.59
02-Mar-2022 12:52:23.238 信息 [main] org.apache.catalina.startup.VersionLoggerListener.log 命令行参数：       -Dcatalina.home=D:\JAVA\Environment\Tomcat\apache-tomcat-9.0.59
02-Mar-2022 12:52:23.238 信息 [main] org.apache.catalina.startup.VersionLoggerListener.log 命令行参数：       -Djava.io.tmpdir=D:\JAVA\Environment\Tomcat\apache-tomcat-9.0.59\temp
02-Mar-2022 12:52:23.337 信息 [main] org.apache.catalina.core.AprLifecycleListener.lifecycleEvent 使用APR版本[1.7.0]加载了基于APR的Apache Tomcat本机库[1.2.31]。
02-Mar-2022 12:52:23.339 信息 [main] org.apache.catalina.core.AprLifecycleListener.lifecycleEvent APR功能：IPv6[true]、sendfile[true]、accept filters[false]、random[true]、UDS [true]。
02-Mar-2022 12:52:23.364 信息 [main] org.apache.catalina.core.AprLifecycleListener.lifecycleEvent APR/OpenSSL配置：useAprConnector[false]，useOpenSSL[true]
02-Mar-2022 12:52:23.385 信息 [main] org.apache.catalina.core.AprLifecycleListener.initializeSSL OpenSSL成功初始化 [OpenSSL 1.1.1l  24 Aug 2021]
02-Mar-2022 12:52:23.898 信息 [main] org.apache.coyote.AbstractProtocol.init 初始化协议处理器 ["http-nio-8081"]
02-Mar-2022 12:52:23.935 信息 [main] org.apache.catalina.startup.Catalina.load 服务器在[1020]毫秒内初始化
02-Mar-2022 12:52:23.979 信息 [main] org.apache.catalina.core.StandardService.startInternal 正在启动服务[Catalina]
02-Mar-2022 12:52:23.980 信息 [main] org.apache.catalina.core.StandardEngine.startInternal 正在启动 Servlet 引擎：[Apache Tomcat/9.0.59]
02-Mar-2022 12:52:23.994 信息 [main] org.apache.catalina.startup.HostConfig.deployDirectory 把web 应用程序部署到目录 [D:\JAVA\Environment\Tomcat\apache-tomcat-9.0.59\webapps\docs]
02-Mar-2022 12:52:24.750 警告 [main] org.apache.catalina.util.SessionIdGeneratorBase.createSecureRandom 使用[SHA1PRNG]创建会话ID生成的SecureRandom实例花费了[491]毫秒。
02-Mar-2022 12:52:24.779 信息 [main] org.apache.catalina.startup.HostConfig.deployDirectory Web应用程序目录[D:\JAVA\Environment\Tomcat\apache-tomcat-9.0.59\webapps\docs]的部署已在[785]毫秒内完成
02-Mar-2022 12:52:24.780 信息 [main] org.apache.catalina.startup.HostConfig.deployDirectory 把web 应用程序部署到目录 [D:\JAVA\Environment\Tomcat\apache-tomcat-9.0.59\webapps\examples]
02-Mar-2022 12:52:25.453 信息 [main] org.apache.catalina.startup.HostConfig.deployDirectory Web应用程序目录[D:\JAVA\Environment\Tomcat\apache-tomcat-9.0.59\webapps\examples]的部署已在[673]毫秒内完成
02-Mar-2022 12:52:25.456 信息 [main] org.apache.catalina.startup.HostConfig.deployDirectory 把web 应用程序部署到目录 [D:\JAVA\Environment\Tomcat\apache-tomcat-9.0.59\webapps\host-manager]
02-Mar-2022 12:52:25.498 信息 [main] org.apache.catalina.startup.HostConfig.deployDirectory Web应用程序目录[D:\JAVA\Environment\Tomcat\apache-tomcat-9.0.59\webapps\host-manager]的部署已在[42]毫秒内完成
02-Mar-2022 12:52:25.502 信息 [main] org.apache.catalina.startup.HostConfig.deployDirectory 把web 应用程序部署到目录 [D:\JAVA\Environment\Tomcat\apache-tomcat-9.0.59\webapps\manager]
02-Mar-2022 12:52:25.552 信息 [main] org.apache.catalina.startup.HostConfig.deployDirectory Web应用程序目录[D:\JAVA\Environment\Tomcat\apache-tomcat-9.0.59\webapps\manager]的部署已在[50]毫秒内完成
02-Mar-2022 12:52:25.555 信息 [main] org.apache.catalina.startup.HostConfig.deployDirectory 把web 应用程序部署到目录 [D:\JAVA\Environment\Tomcat\apache-tomcat-9.0.59\webapps\ROOT]
02-Mar-2022 12:52:25.586 信息 [main] org.apache.catalina.startup.HostConfig.deployDirectory Web应用程序目录[D:\JAVA\Environment\Tomcat\apache-tomcat-9.0.59\webapps\ROOT]的部署已在[31]毫秒内完成
02-Mar-2022 12:52:25.593 信息 [main] org.apache.coyote.AbstractProtocol.start 开始协议处理句柄["http-nio-8081"]
02-Mar-2022 12:52:25.627 信息 [main] org.apache.catalina.startup.Catalina.start [1691]毫秒后服务器启动
02-Mar-2022 13:17:07.618 信息 [Catalina-utility-2] org.apache.catalina.startup.HostConfig.deployDirectory 把web 应用程序部署到目录 [D:\JAVA\Environment\Tomcat\apache-tomcat-9.0.59\webapps\ROOT - 副本]
02-Mar-2022 13:17:08.009 信息 [Catalina-utility-2] org.apache.catalina.startup.HostConfig.deployDirectory Web应用程序目录[D:\JAVA\Environment\Tomcat\apache-tomcat-9.0.59\webapps\ROOT - 副本]的部署已在[400]毫秒内完成
02-Mar-2022 13:17:38.668 信息 [Catalina-utility-1] org.apache.catalina.startup.HostConfig.undeploy 正在取消部署上下文[/ROOT - 副本]
02-Mar-2022 13:17:38.838 信息 [Catalina-utility-1] org.apache.catalina.startup.HostConfig.deployDirectory 把web 应用程序部署到目录 [D:\JAVA\Environment\Tomcat\apache-tomcat-9.0.59\webapps\kuangstudy]
02-Mar-2022 13:17:38.930 信息 [Catalina-utility-1] org.apache.catalina.startup.HostConfig.deployDirectory Web应用程序目录[D:\JAVA\Environment\Tomcat\apache-tomcat-9.0.59\webapps\kuangstudy]的部署已在[92]毫秒内完成
02-Mar-2022 13:17:58.944 信息 [Catalina-utility-2] org.apache.catalina.startup.HostConfig.reload 重新加载上下文[/kuangstudy]
02-Mar-2022 13:17:58.946 信息 [Catalina-utility-2] org.apache.catalina.core.StandardContext.reload 已开始重新加载名为[/kuangstudy]的上下文
02-Mar-2022 13:17:58.975 信息 [Catalina-utility-2] org.apache.catalina.core.StandardContext.reload 已完成重新加载名为/kuangstudy的上下文
02-Mar-2022 13:21:31.931 信息 [main] org.apache.catalina.core.StandardServer.await 通过关闭端口接收到有效的关闭命令。正在停止服务器实例。
02-Mar-2022 13:21:31.955 信息 [main] org.apache.coyote.AbstractProtocol.pause 暂停ProtocolHandler["http-nio-8081"]
02-Mar-2022 13:21:32.459 信息 [main] org.apache.catalina.core.StandardService.stopInternal 正在停止服务[Catalina]
02-Mar-2022 13:21:32.522 信息 [main] org.apache.coyote.AbstractProtocol.stop 正在停止ProtocolHandler ["http-nio-8081"]
02-Mar-2022 13:21:32.538 信息 [main] org.apache.coyote.AbstractProtocol.destroy 正在摧毁协议处理器 ["http-nio-8081"]
02-Mar-2022 13:21:34.836 信息 [main] org.apache.catalina.startup.VersionLoggerListener.log Server.服务器版本: Apache Tomcat/9.0.59
02-Mar-2022 13:21:34.841 信息 [main] org.apache.catalina.startup.VersionLoggerListener.log 服务器构建:        Feb 21 2022 21:01:10 UTC
02-Mar-2022 13:21:34.841 信息 [main] org.apache.catalina.startup.VersionLoggerListener.log 服务器版本号:      9.0.59.0
02-Mar-2022 13:21:34.842 信息 [main] org.apache.catalina.startup.VersionLoggerListener.log 操作系统名称:      Windows 10
02-Mar-2022 13:21:34.842 信息 [main] org.apache.catalina.startup.VersionLoggerListener.log OS.版本:           10.0
02-Mar-2022 13:21:34.842 信息 [main] org.apache.catalina.startup.VersionLoggerListener.log 架构:              amd64
02-Mar-2022 13:21:34.842 信息 [main] org.apache.catalina.startup.VersionLoggerListener.log Java 环境变量:     C:\Program Files\Java\jdk1.8.0_211\jre
02-Mar-2022 13:21:34.843 信息 [main] org.apache.catalina.startup.VersionLoggerListener.log Java虚拟机版本:    1.8.0_211-b12
02-Mar-2022 13:21:34.843 信息 [main] org.apache.catalina.startup.VersionLoggerListener.log JVM.供应商:        Oracle Corporation
02-Mar-2022 13:21:34.843 信息 [main] org.apache.catalina.startup.VersionLoggerListener.log CATALINA_BASE:     D:\JAVA\Environment\Tomcat\apache-tomcat-9.0.59
02-Mar-2022 13:21:34.843 信息 [main] org.apache.catalina.startup.VersionLoggerListener.log CATALINA_HOME:     D:\JAVA\Environment\Tomcat\apache-tomcat-9.0.59
02-Mar-2022 13:21:34.844 信息 [main] org.apache.catalina.startup.VersionLoggerListener.log 命令行参数：       -Djava.util.logging.config.file=D:\JAVA\Environment\Tomcat\apache-tomcat-9.0.59\conf\logging.properties
02-Mar-2022 13:21:34.844 信息 [main] org.apache.catalina.startup.VersionLoggerListener.log 命令行参数：       -Djava.util.logging.manager=org.apache.juli.ClassLoaderLogManager
02-Mar-2022 13:21:34.844 信息 [main] org.apache.catalina.startup.VersionLoggerListener.log 命令行参数：       -Djdk.tls.ephemeralDHKeySize=2048
02-Mar-2022 13:21:34.844 信息 [main] org.apache.catalina.startup.VersionLoggerListener.log 命令行参数：       -Djava.protocol.handler.pkgs=org.apache.catalina.webresources
02-Mar-2022 13:21:34.848 信息 [main] org.apache.catalina.startup.VersionLoggerListener.log 命令行参数：       -Dignore.endorsed.dirs=
02-Mar-2022 13:21:34.848 信息 [main] org.apache.catalina.startup.VersionLoggerListener.log 命令行参数：       -Dcatalina.base=D:\JAVA\Environment\Tomcat\apache-tomcat-9.0.59
02-Mar-2022 13:21:34.848 信息 [main] org.apache.catalina.startup.VersionLoggerListener.log 命令行参数：       -Dcatalina.home=D:\JAVA\Environment\Tomcat\apache-tomcat-9.0.59
02-Mar-2022 13:21:34.849 信息 [main] org.apache.catalina.startup.VersionLoggerListener.log 命令行参数：       -Djava.io.tmpdir=D:\JAVA\Environment\Tomcat\apache-tomcat-9.0.59\temp
02-Mar-2022 13:21:34.852 信息 [main] org.apache.catalina.core.AprLifecycleListener.lifecycleEvent 使用APR版本[1.7.0]加载了基于APR的Apache Tomcat本机库[1.2.31]。
02-Mar-2022 13:21:34.853 信息 [main] org.apache.catalina.core.AprLifecycleListener.lifecycleEvent APR功能：IPv6[true]、sendfile[true]、accept filters[false]、random[true]、UDS [true]。
02-Mar-2022 13:21:34.854 信息 [main] org.apache.catalina.core.AprLifecycleListener.lifecycleEvent APR/OpenSSL配置：useAprConnector[false]，useOpenSSL[true]
02-Mar-2022 13:21:34.861 信息 [main] org.apache.catalina.core.AprLifecycleListener.initializeSSL OpenSSL成功初始化 [OpenSSL 1.1.1l  24 Aug 2021]
02-Mar-2022 13:21:35.183 信息 [main] org.apache.coyote.AbstractProtocol.init 初始化协议处理器 ["http-nio-8080"]
02-Mar-2022 13:21:35.216 信息 [main] org.apache.catalina.startup.Catalina.load 服务器在[580]毫秒内初始化
02-Mar-2022 13:21:35.266 信息 [main] org.apache.catalina.core.StandardService.startInternal 正在启动服务[Catalina]
02-Mar-2022 13:21:35.266 信息 [main] org.apache.catalina.core.StandardEngine.startInternal 正在启动 Servlet 引擎：[Apache Tomcat/9.0.59]
02-Mar-2022 13:21:35.283 信息 [main] org.apache.catalina.startup.HostConfig.deployDirectory 把web 应用程序部署到目录 [D:\JAVA\Environment\Tomcat\apache-tomcat-9.0.59\webapps\docs]
02-Mar-2022 13:21:36.048 警告 [main] org.apache.catalina.util.SessionIdGeneratorBase.createSecureRandom 使用[SHA1PRNG]创建会话ID生成的SecureRandom实例花费了[477]毫秒。
02-Mar-2022 13:21:36.081 信息 [main] org.apache.catalina.startup.HostConfig.deployDirectory Web应用程序目录[D:\JAVA\Environment\Tomcat\apache-tomcat-9.0.59\webapps\docs]的部署已在[798]毫秒内完成
02-Mar-2022 13:21:36.085 信息 [main] org.apache.catalina.startup.HostConfig.deployDirectory 把web 应用程序部署到目录 [D:\JAVA\Environment\Tomcat\apache-tomcat-9.0.59\webapps\examples]
02-Mar-2022 13:21:36.776 信息 [main] org.apache.catalina.startup.HostConfig.deployDirectory Web应用程序目录[D:\JAVA\Environment\Tomcat\apache-tomcat-9.0.59\webapps\examples]的部署已在[691]毫秒内完成
02-Mar-2022 13:21:36.784 信息 [main] org.apache.catalina.startup.HostConfig.deployDirectory 把web 应用程序部署到目录 [D:\JAVA\Environment\Tomcat\apache-tomcat-9.0.59\webapps\host-manager]
02-Mar-2022 13:21:36.858 信息 [main] org.apache.catalina.startup.HostConfig.deployDirectory Web应用程序目录[D:\JAVA\Environment\Tomcat\apache-tomcat-9.0.59\webapps\host-manager]的部署已在[75]毫秒内完成
02-Mar-2022 13:21:36.862 信息 [main] org.apache.catalina.startup.HostConfig.deployDirectory 把web 应用程序部署到目录 [D:\JAVA\Environment\Tomcat\apache-tomcat-9.0.59\webapps\kuangstudy]
02-Mar-2022 13:21:36.908 信息 [main] org.apache.catalina.startup.HostConfig.deployDirectory Web应用程序目录[D:\JAVA\Environment\Tomcat\apache-tomcat-9.0.59\webapps\kuangstudy]的部署已在[46]毫秒内完成
02-Mar-2022 13:21:36.913 信息 [main] org.apache.catalina.startup.HostConfig.deployDirectory 把web 应用程序部署到目录 [D:\JAVA\Environment\Tomcat\apache-tomcat-9.0.59\webapps\manager]
02-Mar-2022 13:21:36.986 信息 [main] org.apache.catalina.startup.HostConfig.deployDirectory Web应用程序目录[D:\JAVA\Environment\Tomcat\apache-tomcat-9.0.59\webapps\manager]的部署已在[73]毫秒内完成
02-Mar-2022 13:21:36.992 信息 [main] org.apache.catalina.startup.HostConfig.deployDirectory 把web 应用程序部署到目录 [D:\JAVA\Environment\Tomcat\apache-tomcat-9.0.59\webapps\ROOT]
02-Mar-2022 13:21:37.029 信息 [main] org.apache.catalina.startup.HostConfig.deployDirectory Web应用程序目录[D:\JAVA\Environment\Tomcat\apache-tomcat-9.0.59\webapps\ROOT]的部署已在[38]毫秒内完成
02-Mar-2022 13:21:37.038 信息 [main] org.apache.coyote.AbstractProtocol.start 开始协议处理句柄["http-nio-8080"]
02-Mar-2022 13:21:37.071 信息 [main] org.apache.catalina.startup.Catalina.start [1854]毫秒后服务器启动
02-Mar-2022 13:23:30.556 信息 [Async0-Thread] async.Async0$1.run Putting AsyncThread to sleep
02-Mar-2022 13:23:32.507 信息 [Async0-Thread] async.Async0$1.run Putting AsyncThread to sleep
02-Mar-2022 13:23:32.561 信息 [Async0-Thread] async.Async0$1.run Dispatching
02-Mar-2022 13:23:32.566 信息 [http-nio-8080-exec-10] async.Async0.service Received dispatch, completing on the worker thread.
02-Mar-2022 13:23:32.567 信息 [http-nio-8080-exec-10] async.Async0.service After complete called started:false
02-Mar-2022 13:23:34.507 信息 [Async0-Thread] async.Async0$1.run Dispatching
02-Mar-2022 13:23:34.508 信息 [http-nio-8080-exec-6] async.Async0.service Received dispatch, completing on the worker thread.
02-Mar-2022 13:23:34.509 信息 [http-nio-8080-exec-6] async.Async0.service After complete called started:false
