02-Mar-2022 12:13:29.348 信息 [main] org.apache.catalina.core.ApplicationContext.log ContextListener: contextInitialized()
02-Mar-2022 12:13:29.348 信息 [main] org.apache.catalina.core.ApplicationContext.log SessionListener: contextInitialized()
02-Mar-2022 12:13:29.350 信息 [main] org.apache.catalina.core.ApplicationContext.log ContextListener: attributeAdded('StockTicker', 'async.Stockticker@6a03bcb1')
02-Mar-2022 12:14:20.686 信息 [main] org.apache.catalina.core.ApplicationContext.log SessionListener: contextDestroyed()
02-Mar-2022 12:14:20.686 信息 [main] org.apache.catalina.core.ApplicationContext.log ContextListener: contextDestroyed()
02-Mar-2022 12:24:49.329 信息 [main] org.apache.catalina.core.ApplicationContext.log ContextListener: contextInitialized()
02-Mar-2022 12:24:49.330 信息 [main] org.apache.catalina.core.ApplicationContext.log SessionListener: contextInitialized()
02-Mar-2022 12:24:49.332 信息 [main] org.apache.catalina.core.ApplicationContext.log ContextListener: attributeAdded('StockTicker', 'async.Stockticker@21b2e768')
02-Mar-2022 12:26:17.934 信息 [main] org.apache.catalina.core.ApplicationContext.log SessionListener: contextDestroyed()
02-Mar-2022 12:26:17.934 信息 [main] org.apache.catalina.core.ApplicationContext.log ContextListener: contextDestroyed()
02-Mar-2022 12:26:21.801 信息 [main] org.apache.catalina.core.ApplicationContext.log ContextListener: contextInitialized()
02-Mar-2022 12:26:21.801 信息 [main] org.apache.catalina.core.ApplicationContext.log SessionListener: contextInitialized()
02-Mar-2022 12:26:21.803 信息 [main] org.apache.catalina.core.ApplicationContext.log ContextListener: attributeAdded('StockTicker', 'async.Stockticker@21b2e768')
02-Mar-2022 12:32:12.267 信息 [main] org.apache.catalina.core.ApplicationContext.log SessionListener: contextDestroyed()
02-Mar-2022 12:32:12.268 信息 [main] org.apache.catalina.core.ApplicationContext.log ContextListener: contextDestroyed()
02-Mar-2022 12:52:25.439 信息 [main] org.apache.catalina.core.ApplicationContext.log ContextListener: contextInitialized()
02-Mar-2022 12:52:25.439 信息 [main] org.apache.catalina.core.ApplicationContext.log SessionListener: contextInitialized()
02-Mar-2022 12:52:25.440 信息 [main] org.apache.catalina.core.ApplicationContext.log ContextListener: attributeAdded('StockTicker', 'async.Stockticker@6a03bcb1')
02-Mar-2022 13:21:32.493 信息 [main] org.apache.catalina.core.ApplicationContext.log SessionListener: contextDestroyed()
02-Mar-2022 13:21:32.493 信息 [main] org.apache.catalina.core.ApplicationContext.log ContextListener: contextDestroyed()
02-Mar-2022 13:21:36.741 信息 [main] org.apache.catalina.core.ApplicationContext.log ContextListener: contextInitialized()
02-Mar-2022 13:21:36.742 信息 [main] org.apache.catalina.core.ApplicationContext.log SessionListener: contextInitialized()
02-Mar-2022 13:21:36.746 信息 [main] org.apache.catalina.core.ApplicationContext.log ContextListener: attributeAdded('StockTicker', 'async.Stockticker@21b2e768')
02-Mar-2022 13:23:39.678 信息 [http-nio-8080-exec-1] org.apache.catalina.core.ApplicationContext.log ContextListener: attributeAdded('org.apache.jasper.runtime.JspApplicationContextImpl', 'org.apache.jasper.runtime.JspApplicationContextImpl@49b66255')
02-Mar-2022 13:23:39.701 信息 [http-nio-8080-exec-1] org.apache.catalina.core.ApplicationContext.log ContextListener: attributeAdded('org.apache.jasper.compiler.ELInterpreter', 'org.apache.jasper.compiler.ELInterpreterFactory$DefaultELInterpreter@10760716')
02-Mar-2022 13:23:39.702 信息 [http-nio-8080-exec-1] org.apache.catalina.core.ApplicationContext.log ContextListener: attributeAdded('org.apache.jasper.compiler.StringInterpreter', 'org.apache.jasper.compiler.StringInterpreterFactory$DefaultStringInterpreter@59ac95c')
02-Mar-2022 13:23:40.606 信息 [http-nio-8080-exec-1] org.apache.catalina.core.ApplicationContext.log SessionListener: sessionCreated('C30F79E8F91F5BF11713393B8041E54A')
